-- The C compiler identification is GNU 11.4.0
-- The CXX compiler identification is GNU 11.4.0
-- Detecting C compiler ABI info
-- Detecting C compiler ABI info - done
-- Check for working C compiler: /usr/bin/cc - skipped
-- Detecting C compile features
-- Detecting C compile features - done
-- Detecting CXX compiler ABI info
-- Detecting CXX compiler ABI info - done
-- Check for working CXX compiler: /usr/bin/c++ - skipped
-- Detecting CXX compile features
-- Detecting CXX compile features - done
-- Found ament_cmake: 1.3.6 (/opt/ros/humble/share/ament_cmake/cmake)
-- Found Python3: /usr/bin/python3.10 (found version "3.10.12") found components: Interpreter 
-- Found rclcpp: 16.0.7 (/opt/ros/humble/share/rclcpp/cmake)
-- Found rosidl_generator_c: 3.1.5 (/opt/ros/humble/share/rosidl_generator_c/cmake)
-- Found rosidl_adapter: 3.1.5 (/opt/ros/humble/share/rosidl_adapter/cmake)
-- Found rosidl_generator_cpp: 3.1.5 (/opt/ros/humble/share/rosidl_generator_cpp/cmake)
-- Using all available rosidl_typesupport_c: rosidl_typesupport_fastrtps_c;rosidl_typesupport_introspection_c
-- Using all available rosidl_typesupport_cpp: rosidl_typesupport_fastrtps_cpp;rosidl_typesupport_introspection_cpp
-- Found rmw_implementation_cmake: 6.1.1 (/opt/ros/humble/share/rmw_implementation_cmake/cmake)
-- Found rmw_cyclonedds_cpp: 1.3.4 (/opt/ros/humble/share/rmw_cyclonedds_cpp/cmake)
-- Using RMW implementation 'rmw_cyclonedds_cpp' as default
-- Looking for pthread.h
-- Looking for pthread.h - found
-- Performing Test CMAKE_HAVE_LIBC_PTHREAD
-- Performing Test CMAKE_HAVE_LIBC_PTHREAD - Success
-- Found Threads: TRUE  
-- Found rclpy: 3.3.11 (/opt/ros/humble/share/rclpy/cmake)
-- Found nav_msgs: 4.2.3 (/opt/ros/humble/share/nav_msgs/cmake)
-- Found sensor_msgs: 4.2.3 (/opt/ros/humble/share/sensor_msgs/cmake)
-- Configuring done
-- Generating done
-- Build files have been written to: /home/alien/Self-Driving-and-ROS-2-Learn-by-Doing-Map-Localization/Section2_Setup/bumperbot_ws/build/bumperbot_localization
[ 50%] [32mBuilding CXX object CMakeFiles/kalman_filter.dir/src/kalman_filter.cpp.o[0m
[ 50%] [32mBuilding CXX object CMakeFiles/imu_republisher.dir/src/imu_republisher.cpp.o[0m
[ 50%] Built target ament_cmake_python_copy_bumperbot_localization
running egg_info
creating bumperbot_localization.egg-info
writing bumperbot_localization.egg-info/PKG-INFO
writing dependency_links to bumperbot_localization.egg-info/dependency_links.txt
writing top-level names to bumperbot_localization.egg-info/top_level.txt
writing manifest file 'bumperbot_localization.egg-info/SOURCES.txt'
reading manifest file 'bumperbot_localization.egg-info/SOURCES.txt'
writing manifest file 'bumperbot_localization.egg-info/SOURCES.txt'
[ 50%] Built target ament_cmake_python_build_bumperbot_localization_egg
[ 75%] [32m[1mLinking CXX executable imu_republisher[0m
[ 75%] Built target imu_republisher
[100%] [32m[1mLinking CXX executable kalman_filter[0m
[100%] Built target kalman_filter
-- Install configuration: ""
-- Installing: /home/alien/Self-Driving-and-ROS-2-Learn-by-Doing-Map-Localization/Section2_Setup/bumperbot_ws/install/bumperbot_localization/share/bumperbot_localization/environment/pythonpath.sh
-- Installing: /home/alien/Self-Driving-and-ROS-2-Learn-by-Doing-Map-Localization/Section2_Setup/bumperbot_ws/install/bumperbot_localization/share/bumperbot_localization/environment/pythonpath.dsv
-- Installing: /home/alien/Self-Driving-and-ROS-2-Learn-by-Doing-Map-Localization/Section2_Setup/bumperbot_ws/install/bumperbot_localization/local/lib/python3.10/dist-packages/bumperbot_localization-0.0.0-py3.10.egg-info
-- Installing: /home/alien/Self-Driving-and-ROS-2-Learn-by-Doing-Map-Localization/Section2_Setup/bumperbot_ws/install/bumperbot_localization/local/lib/python3.10/dist-packages/bumperbot_localization-0.0.0-py3.10.egg-info/SOURCES.txt
-- Installing: /home/alien/Self-Driving-and-ROS-2-Learn-by-Doing-Map-Localization/Section2_Setup/bumperbot_ws/install/bumperbot_localization/local/lib/python3.10/dist-packages/bumperbot_localization-0.0.0-py3.10.egg-info/PKG-INFO
-- Installing: /home/alien/Self-Driving-and-ROS-2-Learn-by-Doing-Map-Localization/Section2_Setup/bumperbot_ws/install/bumperbot_localization/local/lib/python3.10/dist-packages/bumperbot_localization-0.0.0-py3.10.egg-info/dependency_links.txt
-- Installing: /home/alien/Self-Driving-and-ROS-2-Learn-by-Doing-Map-Localization/Section2_Setup/bumperbot_ws/install/bumperbot_localization/local/lib/python3.10/dist-packages/bumperbot_localization-0.0.0-py3.10.egg-info/top_level.txt
-- Installing: /home/alien/Self-Driving-and-ROS-2-Learn-by-Doing-Map-Localization/Section2_Setup/bumperbot_ws/install/bumperbot_localization/local/lib/python3.10/dist-packages/bumperbot_localization
-- Installing: /home/alien/Self-Driving-and-ROS-2-Learn-by-Doing-Map-Localization/Section2_Setup/bumperbot_ws/install/bumperbot_localization/local/lib/python3.10/dist-packages/bumperbot_localization/kalman_filter.py
-- Installing: /home/alien/Self-Driving-and-ROS-2-Learn-by-Doing-Map-Localization/Section2_Setup/bumperbot_ws/install/bumperbot_localization/local/lib/python3.10/dist-packages/bumperbot_localization/imu_republisher.py
-- Installing: /home/alien/Self-Driving-and-ROS-2-Learn-by-Doing-Map-Localization/Section2_Setup/bumperbot_ws/install/bumperbot_localization/local/lib/python3.10/dist-packages/bumperbot_localization/__init__.py
Listing '/home/alien/Self-Driving-and-ROS-2-Learn-by-Doing-Map-Localization/Section2_Setup/bumperbot_ws/install/bumperbot_localization/local/lib/python3.10/dist-packages/bumperbot_localization'...
Compiling '/home/alien/Self-Driving-and-ROS-2-Learn-by-Doing-Map-Localization/Section2_Setup/bumperbot_ws/install/bumperbot_localization/local/lib/python3.10/dist-packages/bumperbot_localization/__init__.py'...
Compiling '/home/alien/Self-Driving-and-ROS-2-Learn-by-Doing-Map-Localization/Section2_Setup/bumperbot_ws/install/bumperbot_localization/local/lib/python3.10/dist-packages/bumperbot_localization/imu_republisher.py'...
Compiling '/home/alien/Self-Driving-and-ROS-2-Learn-by-Doing-Map-Localization/Section2_Setup/bumperbot_ws/install/bumperbot_localization/local/lib/python3.10/dist-packages/bumperbot_localization/kalman_filter.py'...
-- Installing: /home/alien/Self-Driving-and-ROS-2-Learn-by-Doing-Map-Localization/Section2_Setup/bumperbot_ws/install/bumperbot_localization/include/include
-- Installing: /home/alien/Self-Driving-and-ROS-2-Learn-by-Doing-Map-Localization/Section2_Setup/bumperbot_ws/install/bumperbot_localization/include/include/bumperbot_localization
-- Installing: /home/alien/Self-Driving-and-ROS-2-Learn-by-Doing-Map-Localization/Section2_Setup/bumperbot_ws/install/bumperbot_localization/include/include/bumperbot_localization/kalman_filter.hpp
-- Installing: /home/alien/Self-Driving-and-ROS-2-Learn-by-Doing-Map-Localization/Section2_Setup/bumperbot_ws/install/bumperbot_localization/lib/bumperbot_localization/kalman_filter
-- Set runtime path of "/home/alien/Self-Driving-and-ROS-2-Learn-by-Doing-Map-Localization/Section2_Setup/bumperbot_ws/install/bumperbot_localization/lib/bumperbot_localization/kalman_filter" to ""
-- Installing: /home/alien/Self-Driving-and-ROS-2-Learn-by-Doing-Map-Localization/Section2_Setup/bumperbot_ws/install/bumperbot_localization/lib/bumperbot_localization/imu_republisher
-- Set runtime path of "/home/alien/Self-Driving-and-ROS-2-Learn-by-Doing-Map-Localization/Section2_Setup/bumperbot_ws/install/bumperbot_localization/lib/bumperbot_localization/imu_republisher" to ""
-- Installing: /home/alien/Self-Driving-and-ROS-2-Learn-by-Doing-Map-Localization/Section2_Setup/bumperbot_ws/install/bumperbot_localization/share/bumperbot_localization/launch
-- Installing: /home/alien/Self-Driving-and-ROS-2-Learn-by-Doing-Map-Localization/Section2_Setup/bumperbot_ws/install/bumperbot_localization/share/bumperbot_localization/launch/local_localization.launch.py
-- Installing: /home/alien/Self-Driving-and-ROS-2-Learn-by-Doing-Map-Localization/Section2_Setup/bumperbot_ws/install/bumperbot_localization/share/bumperbot_localization/config
-- Installing: /home/alien/Self-Driving-and-ROS-2-Learn-by-Doing-Map-Localization/Section2_Setup/bumperbot_ws/install/bumperbot_localization/share/bumperbot_localization/config/ekf.yaml
-- Installing: /home/alien/Self-Driving-and-ROS-2-Learn-by-Doing-Map-Localization/Section2_Setup/bumperbot_ws/install/bumperbot_localization/lib/bumperbot_localization/kalman_filter.py
-- Installing: /home/alien/Self-Driving-and-ROS-2-Learn-by-Doing-Map-Localization/Section2_Setup/bumperbot_ws/install/bumperbot_localization/lib/bumperbot_localization/imu_republisher.py
-- Installing: /home/alien/Self-Driving-and-ROS-2-Learn-by-Doing-Map-Localization/Section2_Setup/bumperbot_ws/install/bumperbot_localization/share/ament_index/resource_index/package_run_dependencies/bumperbot_localization
-- Installing: /home/alien/Self-Driving-and-ROS-2-Learn-by-Doing-Map-Localization/Section2_Setup/bumperbot_ws/install/bumperbot_localization/share/ament_index/resource_index/parent_prefix_path/bumperbot_localization
-- Installing: /home/alien/Self-Driving-and-ROS-2-Learn-by-Doing-Map-Localization/Section2_Setup/bumperbot_ws/install/bumperbot_localization/share/bumperbot_localization/environment/ament_prefix_path.sh
-- Installing: /home/alien/Self-Driving-and-ROS-2-Learn-by-Doing-Map-Localization/Section2_Setup/bumperbot_ws/install/bumperbot_localization/share/bumperbot_localization/environment/ament_prefix_path.dsv
-- Installing: /home/alien/Self-Driving-and-ROS-2-Learn-by-Doing-Map-Localization/Section2_Setup/bumperbot_ws/install/bumperbot_localization/share/bumperbot_localization/environment/path.sh
-- Installing: /home/alien/Self-Driving-and-ROS-2-Learn-by-Doing-Map-Localization/Section2_Setup/bumperbot_ws/install/bumperbot_localization/share/bumperbot_localization/environment/path.dsv
-- Installing: /home/alien/Self-Driving-and-ROS-2-Learn-by-Doing-Map-Localization/Section2_Setup/bumperbot_ws/install/bumperbot_localization/share/bumperbot_localization/local_setup.bash
-- Installing: /home/alien/Self-Driving-and-ROS-2-Learn-by-Doing-Map-Localization/Section2_Setup/bumperbot_ws/install/bumperbot_localization/share/bumperbot_localization/local_setup.sh
-- Installing: /home/alien/Self-Driving-and-ROS-2-Learn-by-Doing-Map-Localization/Section2_Setup/bumperbot_ws/install/bumperbot_localization/share/bumperbot_localization/local_setup.zsh
-- Installing: /home/alien/Self-Driving-and-ROS-2-Learn-by-Doing-Map-Localization/Section2_Setup/bumperbot_ws/install/bumperbot_localization/share/bumperbot_localization/local_setup.dsv
-- Installing: /home/alien/Self-Driving-and-ROS-2-Learn-by-Doing-Map-Localization/Section2_Setup/bumperbot_ws/install/bumperbot_localization/share/bumperbot_localization/package.dsv
-- Installing: /home/alien/Self-Driving-and-ROS-2-Learn-by-Doing-Map-Localization/Section2_Setup/bumperbot_ws/install/bumperbot_localization/share/ament_index/resource_index/packages/bumperbot_localization
-- Installing: /home/alien/Self-Driving-and-ROS-2-Learn-by-Doing-Map-Localization/Section2_Setup/bumperbot_ws/install/bumperbot_localization/share/bumperbot_localization/cmake/bumperbot_localizationConfig.cmake
-- Installing: /home/alien/Self-Driving-and-ROS-2-Learn-by-Doing-Map-Localization/Section2_Setup/bumperbot_ws/install/bumperbot_localization/share/bumperbot_localization/cmake/bumperbot_localizationConfig-version.cmake
-- Installing: /home/alien/Self-Driving-and-ROS-2-Learn-by-Doing-Map-Localization/Section2_Setup/bumperbot_ws/install/bumperbot_localization/share/bumperbot_localization/package.xml
