[0.052s] Invoking command in '/home/alien/Self-Driving-and-ROS-2-Learn-by-Doing-Map-Localization/Section2_Setup/bumperbot_ws/build/bumperbot_localization': CMAKE_PREFIX_PATH=/opt/ros/humble /usr/bin/cmake /home/alien/Self-Driving-and-ROS-2-Learn-by-Doing-Map-Localization/Section2_Setup/bumperbot_ws/src/bumperbot_localization -DCMAKE_INSTALL_PREFIX=/home/alien/Self-Driving-and-ROS-2-Learn-by-Doing-Map-Localization/Section2_Setup/bumperbot_ws/install/bumperbot_localization
[0.101s] -- The C compiler identification is GNU 11.4.0
[0.152s] -- The CXX compiler identification is GNU 11.4.0
[0.159s] -- Detecting C compiler ABI info
[0.225s] -- Detecting C compiler ABI info - done
[0.231s] -- Check for working C compiler: /usr/bin/cc - skipped
[0.231s] -- Detecting C compile features
[0.232s] -- Detecting C compile features - done
[0.234s] -- Detecting CXX compiler ABI info
[0.307s] -- Detecting CXX compiler ABI info - done
[0.312s] -- Check for working CXX compiler: /usr/bin/c++ - skipped
[0.313s] -- Detecting CXX compile features
[0.313s] -- Detecting CXX compile features - done
[0.315s] -- Found ament_cmake: 1.3.6 (/opt/ros/humble/share/ament_cmake/cmake)
[0.463s] -- Found Python3: /usr/bin/python3.10 (found version "3.10.12") found components: Interpreter 
[0.541s] -- Found rclcpp: 16.0.7 (/opt/ros/humble/share/rclcpp/cmake)
[0.576s] -- Found rosidl_generator_c: 3.1.5 (/opt/ros/humble/share/rosidl_generator_c/cmake)
[0.580s] -- Found rosidl_adapter: 3.1.5 (/opt/ros/humble/share/rosidl_adapter/cmake)
[0.588s] -- Found rosidl_generator_cpp: 3.1.5 (/opt/ros/humble/share/rosidl_generator_cpp/cmake)
[0.599s] -- Using all available rosidl_typesupport_c: rosidl_typesupport_fastrtps_c;rosidl_typesupport_introspection_c
[0.614s] -- Using all available rosidl_typesupport_cpp: rosidl_typesupport_fastrtps_cpp;rosidl_typesupport_introspection_cpp
[0.673s] -- Found rmw_implementation_cmake: 6.1.1 (/opt/ros/humble/share/rmw_implementation_cmake/cmake)
[0.676s] -- Found rmw_cyclonedds_cpp: 1.3.4 (/opt/ros/humble/share/rmw_cyclonedds_cpp/cmake)
[0.702s] -- Using RMW implementation 'rmw_cyclonedds_cpp' as default
[0.710s] -- Looking for pthread.h
[0.780s] -- Looking for pthread.h - found
[0.780s] -- Performing Test CMAKE_HAVE_LIBC_PTHREAD
[0.848s] -- Performing Test CMAKE_HAVE_LIBC_PTHREAD - Success
[0.849s] -- Found Threads: TRUE  
[0.972s] -- Found rclpy: 3.3.11 (/opt/ros/humble/share/rclpy/cmake)
[0.973s] -- Found nav_msgs: 4.2.3 (/opt/ros/humble/share/nav_msgs/cmake)
[1.071s] -- Found sensor_msgs: 4.2.3 (/opt/ros/humble/share/sensor_msgs/cmake)
[1.253s] -- Configuring done
[1.265s] -- Generating done
[1.267s] -- Build files have been written to: /home/alien/Self-Driving-and-ROS-2-Learn-by-Doing-Map-Localization/Section2_Setup/bumperbot_ws/build/bumperbot_localization
[1.274s] Invoked command in '/home/alien/Self-Driving-and-ROS-2-Learn-by-Doing-Map-Localization/Section2_Setup/bumperbot_ws/build/bumperbot_localization' returned '0': CMAKE_PREFIX_PATH=/opt/ros/humble /usr/bin/cmake /home/alien/Self-Driving-and-ROS-2-Learn-by-Doing-Map-Localization/Section2_Setup/bumperbot_ws/src/bumperbot_localization -DCMAKE_INSTALL_PREFIX=/home/alien/Self-Driving-and-ROS-2-Learn-by-Doing-Map-Localization/Section2_Setup/bumperbot_ws/install/bumperbot_localization
[1.276s] Invoking command in '/home/alien/Self-Driving-and-ROS-2-Learn-by-Doing-Map-Localization/Section2_Setup/bumperbot_ws/build/bumperbot_localization': CMAKE_PREFIX_PATH=/opt/ros/humble /usr/bin/cmake --build /home/alien/Self-Driving-and-ROS-2-Learn-by-Doing-Map-Localization/Section2_Setup/bumperbot_ws/build/bumperbot_localization -- -j16 -l16
[1.323s] [ 50%] [32mBuilding CXX object CMakeFiles/kalman_filter.dir/src/kalman_filter.cpp.o[0m
[1.323s] [ 50%] [32mBuilding CXX object CMakeFiles/imu_republisher.dir/src/imu_republisher.cpp.o[0m
[1.332s] [ 50%] Built target ament_cmake_python_copy_bumperbot_localization
[1.538s] running egg_info
[1.539s] creating bumperbot_localization.egg-info
[1.539s] writing bumperbot_localization.egg-info/PKG-INFO
[1.539s] writing dependency_links to bumperbot_localization.egg-info/dependency_links.txt
[1.539s] writing top-level names to bumperbot_localization.egg-info/top_level.txt
[1.539s] writing manifest file 'bumperbot_localization.egg-info/SOURCES.txt'
[1.542s] reading manifest file 'bumperbot_localization.egg-info/SOURCES.txt'
[1.542s] writing manifest file 'bumperbot_localization.egg-info/SOURCES.txt'
[1.575s] [ 50%] Built target ament_cmake_python_build_bumperbot_localization_egg
[10.717s] [ 75%] [32m[1mLinking CXX executable imu_republisher[0m
[11.384s] [ 75%] Built target imu_republisher
[13.219s] [100%] [32m[1mLinking CXX executable kalman_filter[0m
[13.705s] [100%] Built target kalman_filter
[13.716s] Invoked command in '/home/alien/Self-Driving-and-ROS-2-Learn-by-Doing-Map-Localization/Section2_Setup/bumperbot_ws/build/bumperbot_localization' returned '0': CMAKE_PREFIX_PATH=/opt/ros/humble /usr/bin/cmake --build /home/alien/Self-Driving-and-ROS-2-Learn-by-Doing-Map-Localization/Section2_Setup/bumperbot_ws/build/bumperbot_localization -- -j16 -l16
[13.747s] Invoking command in '/home/alien/Self-Driving-and-ROS-2-Learn-by-Doing-Map-Localization/Section2_Setup/bumperbot_ws/build/bumperbot_localization': CMAKE_PREFIX_PATH=/opt/ros/humble /usr/bin/cmake --install /home/alien/Self-Driving-and-ROS-2-Learn-by-Doing-Map-Localization/Section2_Setup/bumperbot_ws/build/bumperbot_localization
[13.754s] -- Install configuration: ""
[13.754s] -- Installing: /home/alien/Self-Driving-and-ROS-2-Learn-by-Doing-Map-Localization/Section2_Setup/bumperbot_ws/install/bumperbot_localization/share/bumperbot_localization/environment/pythonpath.sh
[13.754s] -- Installing: /home/alien/Self-Driving-and-ROS-2-Learn-by-Doing-Map-Localization/Section2_Setup/bumperbot_ws/install/bumperbot_localization/share/bumperbot_localization/environment/pythonpath.dsv
[13.755s] -- Installing: /home/alien/Self-Driving-and-ROS-2-Learn-by-Doing-Map-Localization/Section2_Setup/bumperbot_ws/install/bumperbot_localization/local/lib/python3.10/dist-packages/bumperbot_localization-0.0.0-py3.10.egg-info
[13.755s] -- Installing: /home/alien/Self-Driving-and-ROS-2-Learn-by-Doing-Map-Localization/Section2_Setup/bumperbot_ws/install/bumperbot_localization/local/lib/python3.10/dist-packages/bumperbot_localization-0.0.0-py3.10.egg-info/SOURCES.txt
[13.755s] -- Installing: /home/alien/Self-Driving-and-ROS-2-Learn-by-Doing-Map-Localization/Section2_Setup/bumperbot_ws/install/bumperbot_localization/local/lib/python3.10/dist-packages/bumperbot_localization-0.0.0-py3.10.egg-info/PKG-INFO
[13.755s] -- Installing: /home/alien/Self-Driving-and-ROS-2-Learn-by-Doing-Map-Localization/Section2_Setup/bumperbot_ws/install/bumperbot_localization/local/lib/python3.10/dist-packages/bumperbot_localization-0.0.0-py3.10.egg-info/dependency_links.txt
[13.755s] -- Installing: /home/alien/Self-Driving-and-ROS-2-Learn-by-Doing-Map-Localization/Section2_Setup/bumperbot_ws/install/bumperbot_localization/local/lib/python3.10/dist-packages/bumperbot_localization-0.0.0-py3.10.egg-info/top_level.txt
[13.755s] -- Installing: /home/alien/Self-Driving-and-ROS-2-Learn-by-Doing-Map-Localization/Section2_Setup/bumperbot_ws/install/bumperbot_localization/local/lib/python3.10/dist-packages/bumperbot_localization
[13.755s] -- Installing: /home/alien/Self-Driving-and-ROS-2-Learn-by-Doing-Map-Localization/Section2_Setup/bumperbot_ws/install/bumperbot_localization/local/lib/python3.10/dist-packages/bumperbot_localization/kalman_filter.py
[13.756s] -- Installing: /home/alien/Self-Driving-and-ROS-2-Learn-by-Doing-Map-Localization/Section2_Setup/bumperbot_ws/install/bumperbot_localization/local/lib/python3.10/dist-packages/bumperbot_localization/imu_republisher.py
[13.756s] -- Installing: /home/alien/Self-Driving-and-ROS-2-Learn-by-Doing-Map-Localization/Section2_Setup/bumperbot_ws/install/bumperbot_localization/local/lib/python3.10/dist-packages/bumperbot_localization/__init__.py
[13.783s] Listing '/home/alien/Self-Driving-and-ROS-2-Learn-by-Doing-Map-Localization/Section2_Setup/bumperbot_ws/install/bumperbot_localization/local/lib/python3.10/dist-packages/bumperbot_localization'...
[13.783s] Compiling '/home/alien/Self-Driving-and-ROS-2-Learn-by-Doing-Map-Localization/Section2_Setup/bumperbot_ws/install/bumperbot_localization/local/lib/python3.10/dist-packages/bumperbot_localization/__init__.py'...
[13.783s] Compiling '/home/alien/Self-Driving-and-ROS-2-Learn-by-Doing-Map-Localization/Section2_Setup/bumperbot_ws/install/bumperbot_localization/local/lib/python3.10/dist-packages/bumperbot_localization/imu_republisher.py'...
[13.783s] Compiling '/home/alien/Self-Driving-and-ROS-2-Learn-by-Doing-Map-Localization/Section2_Setup/bumperbot_ws/install/bumperbot_localization/local/lib/python3.10/dist-packages/bumperbot_localization/kalman_filter.py'...
[13.787s] -- Installing: /home/alien/Self-Driving-and-ROS-2-Learn-by-Doing-Map-Localization/Section2_Setup/bumperbot_ws/install/bumperbot_localization/include/include
[13.787s] -- Installing: /home/alien/Self-Driving-and-ROS-2-Learn-by-Doing-Map-Localization/Section2_Setup/bumperbot_ws/install/bumperbot_localization/include/include/bumperbot_localization
[13.787s] -- Installing: /home/alien/Self-Driving-and-ROS-2-Learn-by-Doing-Map-Localization/Section2_Setup/bumperbot_ws/install/bumperbot_localization/include/include/bumperbot_localization/kalman_filter.hpp
[13.787s] -- Installing: /home/alien/Self-Driving-and-ROS-2-Learn-by-Doing-Map-Localization/Section2_Setup/bumperbot_ws/install/bumperbot_localization/lib/bumperbot_localization/kalman_filter
[13.794s] -- Set runtime path of "/home/alien/Self-Driving-and-ROS-2-Learn-by-Doing-Map-Localization/Section2_Setup/bumperbot_ws/install/bumperbot_localization/lib/bumperbot_localization/kalman_filter" to ""
[13.794s] -- Installing: /home/alien/Self-Driving-and-ROS-2-Learn-by-Doing-Map-Localization/Section2_Setup/bumperbot_ws/install/bumperbot_localization/lib/bumperbot_localization/imu_republisher
[13.799s] -- Set runtime path of "/home/alien/Self-Driving-and-ROS-2-Learn-by-Doing-Map-Localization/Section2_Setup/bumperbot_ws/install/bumperbot_localization/lib/bumperbot_localization/imu_republisher" to ""
[13.799s] -- Installing: /home/alien/Self-Driving-and-ROS-2-Learn-by-Doing-Map-Localization/Section2_Setup/bumperbot_ws/install/bumperbot_localization/share/bumperbot_localization/launch
[13.799s] -- Installing: /home/alien/Self-Driving-and-ROS-2-Learn-by-Doing-Map-Localization/Section2_Setup/bumperbot_ws/install/bumperbot_localization/share/bumperbot_localization/launch/local_localization.launch.py
[13.799s] -- Installing: /home/alien/Self-Driving-and-ROS-2-Learn-by-Doing-Map-Localization/Section2_Setup/bumperbot_ws/install/bumperbot_localization/share/bumperbot_localization/config
[13.799s] -- Installing: /home/alien/Self-Driving-and-ROS-2-Learn-by-Doing-Map-Localization/Section2_Setup/bumperbot_ws/install/bumperbot_localization/share/bumperbot_localization/config/ekf.yaml
[13.799s] -- Installing: /home/alien/Self-Driving-and-ROS-2-Learn-by-Doing-Map-Localization/Section2_Setup/bumperbot_ws/install/bumperbot_localization/lib/bumperbot_localization/kalman_filter.py
[13.799s] -- Installing: /home/alien/Self-Driving-and-ROS-2-Learn-by-Doing-Map-Localization/Section2_Setup/bumperbot_ws/install/bumperbot_localization/lib/bumperbot_localization/imu_republisher.py
[13.800s] -- Installing: /home/alien/Self-Driving-and-ROS-2-Learn-by-Doing-Map-Localization/Section2_Setup/bumperbot_ws/install/bumperbot_localization/share/ament_index/resource_index/package_run_dependencies/bumperbot_localization
[13.800s] -- Installing: /home/alien/Self-Driving-and-ROS-2-Learn-by-Doing-Map-Localization/Section2_Setup/bumperbot_ws/install/bumperbot_localization/share/ament_index/resource_index/parent_prefix_path/bumperbot_localization
[13.800s] -- Installing: /home/alien/Self-Driving-and-ROS-2-Learn-by-Doing-Map-Localization/Section2_Setup/bumperbot_ws/install/bumperbot_localization/share/bumperbot_localization/environment/ament_prefix_path.sh
[13.800s] -- Installing: /home/alien/Self-Driving-and-ROS-2-Learn-by-Doing-Map-Localization/Section2_Setup/bumperbot_ws/install/bumperbot_localization/share/bumperbot_localization/environment/ament_prefix_path.dsv
[13.800s] -- Installing: /home/alien/Self-Driving-and-ROS-2-Learn-by-Doing-Map-Localization/Section2_Setup/bumperbot_ws/install/bumperbot_localization/share/bumperbot_localization/environment/path.sh
[13.800s] -- Installing: /home/alien/Self-Driving-and-ROS-2-Learn-by-Doing-Map-Localization/Section2_Setup/bumperbot_ws/install/bumperbot_localization/share/bumperbot_localization/environment/path.dsv
[13.800s] -- Installing: /home/alien/Self-Driving-and-ROS-2-Learn-by-Doing-Map-Localization/Section2_Setup/bumperbot_ws/install/bumperbot_localization/share/bumperbot_localization/local_setup.bash
[13.801s] -- Installing: /home/alien/Self-Driving-and-ROS-2-Learn-by-Doing-Map-Localization/Section2_Setup/bumperbot_ws/install/bumperbot_localization/share/bumperbot_localization/local_setup.sh
[13.801s] -- Installing: /home/alien/Self-Driving-and-ROS-2-Learn-by-Doing-Map-Localization/Section2_Setup/bumperbot_ws/install/bumperbot_localization/share/bumperbot_localization/local_setup.zsh
[13.801s] -- Installing: /home/alien/Self-Driving-and-ROS-2-Learn-by-Doing-Map-Localization/Section2_Setup/bumperbot_ws/install/bumperbot_localization/share/bumperbot_localization/local_setup.dsv
[13.801s] -- Installing: /home/alien/Self-Driving-and-ROS-2-Learn-by-Doing-Map-Localization/Section2_Setup/bumperbot_ws/install/bumperbot_localization/share/bumperbot_localization/package.dsv
[13.801s] -- Installing: /home/alien/Self-Driving-and-ROS-2-Learn-by-Doing-Map-Localization/Section2_Setup/bumperbot_ws/install/bumperbot_localization/share/ament_index/resource_index/packages/bumperbot_localization
[13.801s] -- Installing: /home/alien/Self-Driving-and-ROS-2-Learn-by-Doing-Map-Localization/Section2_Setup/bumperbot_ws/install/bumperbot_localization/share/bumperbot_localization/cmake/bumperbot_localizationConfig.cmake
[13.802s] -- Installing: /home/alien/Self-Driving-and-ROS-2-Learn-by-Doing-Map-Localization/Section2_Setup/bumperbot_ws/install/bumperbot_localization/share/bumperbot_localization/cmake/bumperbot_localizationConfig-version.cmake
[13.802s] -- Installing: /home/alien/Self-Driving-and-ROS-2-Learn-by-Doing-Map-Localization/Section2_Setup/bumperbot_ws/install/bumperbot_localization/share/bumperbot_localization/package.xml
[13.804s] Invoked command in '/home/alien/Self-Driving-and-ROS-2-Learn-by-Doing-Map-Localization/Section2_Setup/bumperbot_ws/build/bumperbot_localization' returned '0': CMAKE_PREFIX_PATH=/opt/ros/humble /usr/bin/cmake --install /home/alien/Self-Driving-and-ROS-2-Learn-by-Doing-Map-Localization/Section2_Setup/bumperbot_ws/build/bumperbot_localization
