[0.768s] Invoking command in '/home/alien/Self-Driving-and-ROS-2-Learn-by-Doing-Map-Localization/Section2_Setup/bumperbot_ws/src/bumperbot_py_examples': AMENT_PREFIX_PATH=/home/alien/Self-Driving-and-ROS-2-Learn-by-Doing-Map-Localization/Section2_Setup/bumperbot_ws/install/bumperbot_msgs:${AMENT_PREFIX_PATH} CMAKE_PREFIX_PATH=/home/alien/Self-Driving-and-ROS-2-Learn-by-Doing-Map-Localization/Section2_Setup/bumperbot_ws/install/bumperbot_msgs LD_LIBRARY_PATH=/home/alien/Self-Driving-and-ROS-2-Learn-by-Doing-Map-Localization/Section2_Setup/bumperbot_ws/install/bumperbot_msgs/lib:${LD_LIBRARY_PATH} PYTHONPATH=/home/alien/Self-Driving-and-ROS-2-Learn-by-Doing-Map-Localization/Section2_Setup/bumperbot_ws/build/bumperbot_py_examples/prefix_override:/home/alien/Self-Driving-and-ROS-2-Learn-by-Doing-Map-Localization/Section2_Setup/bumperbot_ws/install/bumperbot_py_examples/lib/python3.10/site-packages:/home/alien/Self-Driving-and-ROS-2-Learn-by-Doing-Map-Localization/Section2_Setup/bumperbot_ws/install/bumperbot_msgs/local/lib/python3.10/dist-packages:${PYTHONPATH} /usr/bin/python3 setup.py egg_info --egg-base ../../build/bumperbot_py_examples build --build-base /home/alien/Self-Driving-and-ROS-2-Learn-by-Doing-Map-Localization/Section2_Setup/bumperbot_ws/build/bumperbot_py_examples/build install --record /home/alien/Self-Driving-and-ROS-2-Learn-by-Doing-Map-Localization/Section2_Setup/bumperbot_ws/build/bumperbot_py_examples/install.log --single-version-externally-managed
[0.983s] running egg_info
[0.984s] creating ../../build/bumperbot_py_examples/bumperbot_py_examples.egg-info
[0.984s] writing ../../build/bumperbot_py_examples/bumperbot_py_examples.egg-info/PKG-INFO
[0.985s] writing dependency_links to ../../build/bumperbot_py_examples/bumperbot_py_examples.egg-info/dependency_links.txt
[0.985s] writing entry points to ../../build/bumperbot_py_examples/bumperbot_py_examples.egg-info/entry_points.txt
[0.985s] writing requirements to ../../build/bumperbot_py_examples/bumperbot_py_examples.egg-info/requires.txt
[0.985s] writing top-level names to ../../build/bumperbot_py_examples/bumperbot_py_examples.egg-info/top_level.txt
[0.985s] writing manifest file '../../build/bumperbot_py_examples/bumperbot_py_examples.egg-info/SOURCES.txt'
[0.987s] reading manifest file '../../build/bumperbot_py_examples/bumperbot_py_examples.egg-info/SOURCES.txt'
[0.988s] writing manifest file '../../build/bumperbot_py_examples/bumperbot_py_examples.egg-info/SOURCES.txt'
[0.988s] running build
[0.988s] running build_py
[0.989s] creating /home/alien/Self-Driving-and-ROS-2-Learn-by-Doing-Map-Localization/Section2_Setup/bumperbot_ws/build/bumperbot_py_examples/build
[0.989s] creating /home/alien/Self-Driving-and-ROS-2-Learn-by-Doing-Map-Localization/Section2_Setup/bumperbot_ws/build/bumperbot_py_examples/build/lib
[0.989s] creating /home/alien/Self-Driving-and-ROS-2-Learn-by-Doing-Map-Localization/Section2_Setup/bumperbot_ws/build/bumperbot_py_examples/build/lib/bumperbot_py_examples
[0.989s] copying bumperbot_py_examples/simple_tf_kinematics.py -> /home/alien/Self-Driving-and-ROS-2-Learn-by-Doing-Map-Localization/Section2_Setup/bumperbot_ws/build/bumperbot_py_examples/build/lib/bumperbot_py_examples
[0.989s] copying bumperbot_py_examples/simple_parameter.py -> /home/alien/Self-Driving-and-ROS-2-Learn-by-Doing-Map-Localization/Section2_Setup/bumperbot_ws/build/bumperbot_py_examples/build/lib/bumperbot_py_examples
[0.989s] copying bumperbot_py_examples/simple_subscriber.py -> /home/alien/Self-Driving-and-ROS-2-Learn-by-Doing-Map-Localization/Section2_Setup/bumperbot_ws/build/bumperbot_py_examples/build/lib/bumperbot_py_examples
[0.989s] copying bumperbot_py_examples/simple_turtlesim_kinematics.py -> /home/alien/Self-Driving-and-ROS-2-Learn-by-Doing-Map-Localization/Section2_Setup/bumperbot_ws/build/bumperbot_py_examples/build/lib/bumperbot_py_examples
[0.989s] copying bumperbot_py_examples/simple_service_client.py -> /home/alien/Self-Driving-and-ROS-2-Learn-by-Doing-Map-Localization/Section2_Setup/bumperbot_ws/build/bumperbot_py_examples/build/lib/bumperbot_py_examples
[0.990s] copying bumperbot_py_examples/simple_publisher.py -> /home/alien/Self-Driving-and-ROS-2-Learn-by-Doing-Map-Localization/Section2_Setup/bumperbot_ws/build/bumperbot_py_examples/build/lib/bumperbot_py_examples
[0.990s] copying bumperbot_py_examples/simple_service_server.py -> /home/alien/Self-Driving-and-ROS-2-Learn-by-Doing-Map-Localization/Section2_Setup/bumperbot_ws/build/bumperbot_py_examples/build/lib/bumperbot_py_examples
[0.990s] copying bumperbot_py_examples/__init__.py -> /home/alien/Self-Driving-and-ROS-2-Learn-by-Doing-Map-Localization/Section2_Setup/bumperbot_ws/build/bumperbot_py_examples/build/lib/bumperbot_py_examples
[0.990s] running install
[0.991s] /usr/lib/python3/dist-packages/setuptools/command/install.py:34: SetuptoolsDeprecationWarning: setup.py install is deprecated. Use build and pip and other standards-based tools.
[0.991s]   warnings.warn(
[0.991s] running install_lib
[0.992s] creating /home/alien/Self-Driving-and-ROS-2-Learn-by-Doing-Map-Localization/Section2_Setup/bumperbot_ws/install/bumperbot_py_examples/lib/python3.10/site-packages/bumperbot_py_examples
[0.992s] copying /home/alien/Self-Driving-and-ROS-2-Learn-by-Doing-Map-Localization/Section2_Setup/bumperbot_ws/build/bumperbot_py_examples/build/lib/bumperbot_py_examples/simple_tf_kinematics.py -> /home/alien/Self-Driving-and-ROS-2-Learn-by-Doing-Map-Localization/Section2_Setup/bumperbot_ws/install/bumperbot_py_examples/lib/python3.10/site-packages/bumperbot_py_examples
[0.992s] copying /home/alien/Self-Driving-and-ROS-2-Learn-by-Doing-Map-Localization/Section2_Setup/bumperbot_ws/build/bumperbot_py_examples/build/lib/bumperbot_py_examples/simple_parameter.py -> /home/alien/Self-Driving-and-ROS-2-Learn-by-Doing-Map-Localization/Section2_Setup/bumperbot_ws/install/bumperbot_py_examples/lib/python3.10/site-packages/bumperbot_py_examples
[0.992s] copying /home/alien/Self-Driving-and-ROS-2-Learn-by-Doing-Map-Localization/Section2_Setup/bumperbot_ws/build/bumperbot_py_examples/build/lib/bumperbot_py_examples/simple_subscriber.py -> /home/alien/Self-Driving-and-ROS-2-Learn-by-Doing-Map-Localization/Section2_Setup/bumperbot_ws/install/bumperbot_py_examples/lib/python3.10/site-packages/bumperbot_py_examples
[0.992s] copying /home/alien/Self-Driving-and-ROS-2-Learn-by-Doing-Map-Localization/Section2_Setup/bumperbot_ws/build/bumperbot_py_examples/build/lib/bumperbot_py_examples/simple_turtlesim_kinematics.py -> /home/alien/Self-Driving-and-ROS-2-Learn-by-Doing-Map-Localization/Section2_Setup/bumperbot_ws/install/bumperbot_py_examples/lib/python3.10/site-packages/bumperbot_py_examples
[0.993s] copying /home/alien/Self-Driving-and-ROS-2-Learn-by-Doing-Map-Localization/Section2_Setup/bumperbot_ws/build/bumperbot_py_examples/build/lib/bumperbot_py_examples/simple_service_client.py -> /home/alien/Self-Driving-and-ROS-2-Learn-by-Doing-Map-Localization/Section2_Setup/bumperbot_ws/install/bumperbot_py_examples/lib/python3.10/site-packages/bumperbot_py_examples
[0.993s] copying /home/alien/Self-Driving-and-ROS-2-Learn-by-Doing-Map-Localization/Section2_Setup/bumperbot_ws/build/bumperbot_py_examples/build/lib/bumperbot_py_examples/simple_publisher.py -> /home/alien/Self-Driving-and-ROS-2-Learn-by-Doing-Map-Localization/Section2_Setup/bumperbot_ws/install/bumperbot_py_examples/lib/python3.10/site-packages/bumperbot_py_examples
[0.993s] copying /home/alien/Self-Driving-and-ROS-2-Learn-by-Doing-Map-Localization/Section2_Setup/bumperbot_ws/build/bumperbot_py_examples/build/lib/bumperbot_py_examples/simple_service_server.py -> /home/alien/Self-Driving-and-ROS-2-Learn-by-Doing-Map-Localization/Section2_Setup/bumperbot_ws/install/bumperbot_py_examples/lib/python3.10/site-packages/bumperbot_py_examples
[0.993s] copying /home/alien/Self-Driving-and-ROS-2-Learn-by-Doing-Map-Localization/Section2_Setup/bumperbot_ws/build/bumperbot_py_examples/build/lib/bumperbot_py_examples/__init__.py -> /home/alien/Self-Driving-and-ROS-2-Learn-by-Doing-Map-Localization/Section2_Setup/bumperbot_ws/install/bumperbot_py_examples/lib/python3.10/site-packages/bumperbot_py_examples
[0.994s] byte-compiling /home/alien/Self-Driving-and-ROS-2-Learn-by-Doing-Map-Localization/Section2_Setup/bumperbot_ws/install/bumperbot_py_examples/lib/python3.10/site-packages/bumperbot_py_examples/simple_tf_kinematics.py to simple_tf_kinematics.cpython-310.pyc
[0.995s] byte-compiling /home/alien/Self-Driving-and-ROS-2-Learn-by-Doing-Map-Localization/Section2_Setup/bumperbot_ws/install/bumperbot_py_examples/lib/python3.10/site-packages/bumperbot_py_examples/simple_parameter.py to simple_parameter.cpython-310.pyc
[0.995s] byte-compiling /home/alien/Self-Driving-and-ROS-2-Learn-by-Doing-Map-Localization/Section2_Setup/bumperbot_ws/install/bumperbot_py_examples/lib/python3.10/site-packages/bumperbot_py_examples/simple_subscriber.py to simple_subscriber.cpython-310.pyc
[0.995s] byte-compiling /home/alien/Self-Driving-and-ROS-2-Learn-by-Doing-Map-Localization/Section2_Setup/bumperbot_ws/install/bumperbot_py_examples/lib/python3.10/site-packages/bumperbot_py_examples/simple_turtlesim_kinematics.py to simple_turtlesim_kinematics.cpython-310.pyc
[0.996s] byte-compiling /home/alien/Self-Driving-and-ROS-2-Learn-by-Doing-Map-Localization/Section2_Setup/bumperbot_ws/install/bumperbot_py_examples/lib/python3.10/site-packages/bumperbot_py_examples/simple_service_client.py to simple_service_client.cpython-310.pyc
[0.996s] byte-compiling /home/alien/Self-Driving-and-ROS-2-Learn-by-Doing-Map-Localization/Section2_Setup/bumperbot_ws/install/bumperbot_py_examples/lib/python3.10/site-packages/bumperbot_py_examples/simple_publisher.py to simple_publisher.cpython-310.pyc
[0.997s] byte-compiling /home/alien/Self-Driving-and-ROS-2-Learn-by-Doing-Map-Localization/Section2_Setup/bumperbot_ws/install/bumperbot_py_examples/lib/python3.10/site-packages/bumperbot_py_examples/simple_service_server.py to simple_service_server.cpython-310.pyc
[0.997s] byte-compiling /home/alien/Self-Driving-and-ROS-2-Learn-by-Doing-Map-Localization/Section2_Setup/bumperbot_ws/install/bumperbot_py_examples/lib/python3.10/site-packages/bumperbot_py_examples/__init__.py to __init__.cpython-310.pyc
[0.997s] running install_data
[0.998s] creating /home/alien/Self-Driving-and-ROS-2-Learn-by-Doing-Map-Localization/Section2_Setup/bumperbot_ws/install/bumperbot_py_examples/share/ament_index
[0.998s] creating /home/alien/Self-Driving-and-ROS-2-Learn-by-Doing-Map-Localization/Section2_Setup/bumperbot_ws/install/bumperbot_py_examples/share/ament_index/resource_index
[0.998s] creating /home/alien/Self-Driving-and-ROS-2-Learn-by-Doing-Map-Localization/Section2_Setup/bumperbot_ws/install/bumperbot_py_examples/share/ament_index/resource_index/packages
[0.998s] copying resource/bumperbot_py_examples -> /home/alien/Self-Driving-and-ROS-2-Learn-by-Doing-Map-Localization/Section2_Setup/bumperbot_ws/install/bumperbot_py_examples/share/ament_index/resource_index/packages
[0.998s] copying package.xml -> /home/alien/Self-Driving-and-ROS-2-Learn-by-Doing-Map-Localization/Section2_Setup/bumperbot_ws/install/bumperbot_py_examples/share/bumperbot_py_examples
[0.998s] running install_egg_info
[1.000s] Copying ../../build/bumperbot_py_examples/bumperbot_py_examples.egg-info to /home/alien/Self-Driving-and-ROS-2-Learn-by-Doing-Map-Localization/Section2_Setup/bumperbot_ws/install/bumperbot_py_examples/lib/python3.10/site-packages/bumperbot_py_examples-0.0.0-py3.10.egg-info
[1.001s] running install_scripts
[1.023s] Installing simple_parameter script to /home/alien/Self-Driving-and-ROS-2-Learn-by-Doing-Map-Localization/Section2_Setup/bumperbot_ws/install/bumperbot_py_examples/lib/bumperbot_py_examples
[1.023s] Installing simple_publisher script to /home/alien/Self-Driving-and-ROS-2-Learn-by-Doing-Map-Localization/Section2_Setup/bumperbot_ws/install/bumperbot_py_examples/lib/bumperbot_py_examples
[1.023s] Installing simple_service_client script to /home/alien/Self-Driving-and-ROS-2-Learn-by-Doing-Map-Localization/Section2_Setup/bumperbot_ws/install/bumperbot_py_examples/lib/bumperbot_py_examples
[1.023s] Installing simple_service_server script to /home/alien/Self-Driving-and-ROS-2-Learn-by-Doing-Map-Localization/Section2_Setup/bumperbot_ws/install/bumperbot_py_examples/lib/bumperbot_py_examples
[1.023s] Installing simple_subscriber script to /home/alien/Self-Driving-and-ROS-2-Learn-by-Doing-Map-Localization/Section2_Setup/bumperbot_ws/install/bumperbot_py_examples/lib/bumperbot_py_examples
[1.023s] Installing simple_tf_kinematics script to /home/alien/Self-Driving-and-ROS-2-Learn-by-Doing-Map-Localization/Section2_Setup/bumperbot_ws/install/bumperbot_py_examples/lib/bumperbot_py_examples
[1.023s] Installing simple_turtlesim_kinematics script to /home/alien/Self-Driving-and-ROS-2-Learn-by-Doing-Map-Localization/Section2_Setup/bumperbot_ws/install/bumperbot_py_examples/lib/bumperbot_py_examples
[1.024s] writing list of installed files to '/home/alien/Self-Driving-and-ROS-2-Learn-by-Doing-Map-Localization/Section2_Setup/bumperbot_ws/build/bumperbot_py_examples/install.log'
[1.063s] Invoked command in '/home/alien/Self-Driving-and-ROS-2-Learn-by-Doing-Map-Localization/Section2_Setup/bumperbot_ws/src/bumperbot_py_examples' returned '0': AMENT_PREFIX_PATH=/home/alien/Self-Driving-and-ROS-2-Learn-by-Doing-Map-Localization/Section2_Setup/bumperbot_ws/install/bumperbot_msgs:${AMENT_PREFIX_PATH} CMAKE_PREFIX_PATH=/home/alien/Self-Driving-and-ROS-2-Learn-by-Doing-Map-Localization/Section2_Setup/bumperbot_ws/install/bumperbot_msgs LD_LIBRARY_PATH=/home/alien/Self-Driving-and-ROS-2-Learn-by-Doing-Map-Localization/Section2_Setup/bumperbot_ws/install/bumperbot_msgs/lib:${LD_LIBRARY_PATH} PYTHONPATH=/home/alien/Self-Driving-and-ROS-2-Learn-by-Doing-Map-Localization/Section2_Setup/bumperbot_ws/build/bumperbot_py_examples/prefix_override:/home/alien/Self-Driving-and-ROS-2-Learn-by-Doing-Map-Localization/Section2_Setup/bumperbot_ws/install/bumperbot_py_examples/lib/python3.10/site-packages:/home/alien/Self-Driving-and-ROS-2-Learn-by-Doing-Map-Localization/Section2_Setup/bumperbot_ws/install/bumperbot_msgs/local/lib/python3.10/dist-packages:${PYTHONPATH} /usr/bin/python3 setup.py egg_info --egg-base ../../build/bumperbot_py_examples build --build-base /home/alien/Self-Driving-and-ROS-2-Learn-by-Doing-Map-Localization/Section2_Setup/bumperbot_ws/build/bumperbot_py_examples/build install --record /home/alien/Self-Driving-and-ROS-2-Learn-by-Doing-Map-Localization/Section2_Setup/bumperbot_ws/build/bumperbot_py_examples/install.log --single-version-externally-managed
