[0.195s] Invoking command in '/home/alien/Self-Driving-and-ROS-2-Learn-by-Doing-Map-Localization/Section2_Setup/bumperbot_ws/build/bumperbot_bringup': CMAKE_PREFIX_PATH=/opt/ros/humble /usr/bin/cmake /home/alien/Self-Driving-and-ROS-2-Learn-by-Doing-Map-Localization/Section2_Setup/bumperbot_ws/src/bumperbot_bringup -DCMAKE_INSTALL_PREFIX=/home/alien/Self-Driving-and-ROS-2-Learn-by-Doing-Map-Localization/Section2_Setup/bumperbot_ws/install/bumperbot_bringup
[0.242s] -- The C compiler identification is GNU 11.4.0
[0.294s] -- The CXX compiler identification is GNU 11.4.0
[0.300s] -- Detecting C compiler ABI info
[0.367s] -- Detecting C compiler ABI info - done
[0.376s] -- Check for working C compiler: /usr/bin/cc - skipped
[0.376s] -- Detecting C compile features
[0.376s] -- Detecting C compile features - done
[0.378s] -- Detecting CXX compiler ABI info
[0.450s] -- Detecting CXX compiler ABI info - done
[0.456s] -- Check for working CXX compiler: /usr/bin/c++ - skipped
[0.456s] -- Detecting CXX compile features
[0.456s] -- Detecting CXX compile features - done
[0.458s] -- Found ament_cmake: 1.3.6 (/opt/ros/humble/share/ament_cmake/cmake)
[0.606s] -- Found Python3: /usr/bin/python3.10 (found version "3.10.12") found components: Interpreter 
[0.733s] -- Configuring done
[0.735s] -- Generating done
[0.736s] -- Build files have been written to: /home/alien/Self-Driving-and-ROS-2-Learn-by-Doing-Map-Localization/Section2_Setup/bumperbot_ws/build/bumperbot_bringup
[0.740s] Invoked command in '/home/alien/Self-Driving-and-ROS-2-Learn-by-Doing-Map-Localization/Section2_Setup/bumperbot_ws/build/bumperbot_bringup' returned '0': CMAKE_PREFIX_PATH=/opt/ros/humble /usr/bin/cmake /home/alien/Self-Driving-and-ROS-2-Learn-by-Doing-Map-Localization/Section2_Setup/bumperbot_ws/src/bumperbot_bringup -DCMAKE_INSTALL_PREFIX=/home/alien/Self-Driving-and-ROS-2-Learn-by-Doing-Map-Localization/Section2_Setup/bumperbot_ws/install/bumperbot_bringup
[0.742s] Invoking command in '/home/alien/Self-Driving-and-ROS-2-Learn-by-Doing-Map-Localization/Section2_Setup/bumperbot_ws/build/bumperbot_bringup': CMAKE_PREFIX_PATH=/opt/ros/humble /usr/bin/cmake --build /home/alien/Self-Driving-and-ROS-2-Learn-by-Doing-Map-Localization/Section2_Setup/bumperbot_ws/build/bumperbot_bringup -- -j16 -l16
[0.779s] Invoked command in '/home/alien/Self-Driving-and-ROS-2-Learn-by-Doing-Map-Localization/Section2_Setup/bumperbot_ws/build/bumperbot_bringup' returned '0': CMAKE_PREFIX_PATH=/opt/ros/humble /usr/bin/cmake --build /home/alien/Self-Driving-and-ROS-2-Learn-by-Doing-Map-Localization/Section2_Setup/bumperbot_ws/build/bumperbot_bringup -- -j16 -l16
[0.811s] Invoking command in '/home/alien/Self-Driving-and-ROS-2-Learn-by-Doing-Map-Localization/Section2_Setup/bumperbot_ws/build/bumperbot_bringup': CMAKE_PREFIX_PATH=/opt/ros/humble /usr/bin/cmake --install /home/alien/Self-Driving-and-ROS-2-Learn-by-Doing-Map-Localization/Section2_Setup/bumperbot_ws/build/bumperbot_bringup
[0.818s] -- Install configuration: ""
[0.818s] -- Installing: /home/alien/Self-Driving-and-ROS-2-Learn-by-Doing-Map-Localization/Section2_Setup/bumperbot_ws/install/bumperbot_bringup/share/bumperbot_bringup/launch
[0.818s] -- Installing: /home/alien/Self-Driving-and-ROS-2-Learn-by-Doing-Map-Localization/Section2_Setup/bumperbot_ws/install/bumperbot_bringup/share/bumperbot_bringup/launch/simulated_robot.launch.py
[0.818s] -- Installing: /home/alien/Self-Driving-and-ROS-2-Learn-by-Doing-Map-Localization/Section2_Setup/bumperbot_ws/install/bumperbot_bringup/share/bumperbot_bringup/launch/real_robot.launch.py
[0.818s] -- Installing: /home/alien/Self-Driving-and-ROS-2-Learn-by-Doing-Map-Localization/Section2_Setup/bumperbot_ws/install/bumperbot_bringup/share/ament_index/resource_index/package_run_dependencies/bumperbot_bringup
[0.818s] -- Installing: /home/alien/Self-Driving-and-ROS-2-Learn-by-Doing-Map-Localization/Section2_Setup/bumperbot_ws/install/bumperbot_bringup/share/ament_index/resource_index/parent_prefix_path/bumperbot_bringup
[0.819s] -- Installing: /home/alien/Self-Driving-and-ROS-2-Learn-by-Doing-Map-Localization/Section2_Setup/bumperbot_ws/install/bumperbot_bringup/share/bumperbot_bringup/environment/ament_prefix_path.sh
[0.819s] -- Installing: /home/alien/Self-Driving-and-ROS-2-Learn-by-Doing-Map-Localization/Section2_Setup/bumperbot_ws/install/bumperbot_bringup/share/bumperbot_bringup/environment/ament_prefix_path.dsv
[0.819s] -- Installing: /home/alien/Self-Driving-and-ROS-2-Learn-by-Doing-Map-Localization/Section2_Setup/bumperbot_ws/install/bumperbot_bringup/share/bumperbot_bringup/environment/path.sh
[0.819s] -- Installing: /home/alien/Self-Driving-and-ROS-2-Learn-by-Doing-Map-Localization/Section2_Setup/bumperbot_ws/install/bumperbot_bringup/share/bumperbot_bringup/environment/path.dsv
[0.819s] -- Installing: /home/alien/Self-Driving-and-ROS-2-Learn-by-Doing-Map-Localization/Section2_Setup/bumperbot_ws/install/bumperbot_bringup/share/bumperbot_bringup/local_setup.bash
[0.819s] -- Installing: /home/alien/Self-Driving-and-ROS-2-Learn-by-Doing-Map-Localization/Section2_Setup/bumperbot_ws/install/bumperbot_bringup/share/bumperbot_bringup/local_setup.sh
[0.819s] -- Installing: /home/alien/Self-Driving-and-ROS-2-Learn-by-Doing-Map-Localization/Section2_Setup/bumperbot_ws/install/bumperbot_bringup/share/bumperbot_bringup/local_setup.zsh
[0.820s] -- Installing: /home/alien/Self-Driving-and-ROS-2-Learn-by-Doing-Map-Localization/Section2_Setup/bumperbot_ws/install/bumperbot_bringup/share/bumperbot_bringup/local_setup.dsv
[0.820s] -- Installing: /home/alien/Self-Driving-and-ROS-2-Learn-by-Doing-Map-Localization/Section2_Setup/bumperbot_ws/install/bumperbot_bringup/share/bumperbot_bringup/package.dsv
[0.820s] -- Installing: /home/alien/Self-Driving-and-ROS-2-Learn-by-Doing-Map-Localization/Section2_Setup/bumperbot_ws/install/bumperbot_bringup/share/ament_index/resource_index/packages/bumperbot_bringup
[0.820s] -- Installing: /home/alien/Self-Driving-and-ROS-2-Learn-by-Doing-Map-Localization/Section2_Setup/bumperbot_ws/install/bumperbot_bringup/share/bumperbot_bringup/cmake/bumperbot_bringupConfig.cmake
[0.820s] -- Installing: /home/alien/Self-Driving-and-ROS-2-Learn-by-Doing-Map-Localization/Section2_Setup/bumperbot_ws/install/bumperbot_bringup/share/bumperbot_bringup/cmake/bumperbot_bringupConfig-version.cmake
[0.820s] -- Installing: /home/alien/Self-Driving-and-ROS-2-Learn-by-Doing-Map-Localization/Section2_Setup/bumperbot_ws/install/bumperbot_bringup/share/bumperbot_bringup/package.xml
[0.822s] Invoked command in '/home/alien/Self-Driving-and-ROS-2-Learn-by-Doing-Map-Localization/Section2_Setup/bumperbot_ws/build/bumperbot_bringup' returned '0': CMAKE_PREFIX_PATH=/opt/ros/humble /usr/bin/cmake --install /home/alien/Self-Driving-and-ROS-2-Learn-by-Doing-Map-Localization/Section2_Setup/bumperbot_ws/build/bumperbot_bringup
